\BOOKMARK [1][-]{section.1}{\376\377\147\072\126\150\133\146\116\140\151\202\213\272}{}% 1
\BOOKMARK [2][-]{subsection.1.1}{\376\377\147\072\126\150\133\146\116\140\151\202\137\365}{section.1}% 2
\BOOKMARK [2][-]{subsection.1.2}{\376\377\133\146\116\140\116\373\122\241\122\006\174\173}{section.1}% 3
\BOOKMARK [1][-]{section.2}{\376\377\151\202\137\365\133\146\116\140}{}% 4
\BOOKMARK [2][-]{subsection.2.1}{\376\377\137\122\176\263\133\146\116\140\173\200\116\313}{section.2}% 5
\BOOKMARK [2][-]{subsection.2.2}{\376\377\151\202\137\365\133\146\116\140\173\200\116\313}{section.2}% 6
\BOOKMARK [2][-]{subsection.2.3}{\376\377\000F\000i\000n\000d\000-\000S\377\032\133\373\142\176\147\201\131\047\162\171\153\212\120\107\213\276}{section.2}% 7
\BOOKMARK [2][-]{subsection.2.4}{\376\377\123\330\127\213\172\172\225\364\124\214\120\031\220\011\155\210\226\144\173\227\154\325}{section.2}% 8
\BOOKMARK [2][-]{subsection.2.5}{\376\377\137\122\176\263\120\117\177\156}{section.2}% 9
\BOOKMARK [1][-]{section.3}{\376\377\171\136\176\317\177\121\176\334}{}% 10
\BOOKMARK [2][-]{subsection.3.1}{\376\377\141\037\167\345\126\150}{section.3}% 11
\BOOKMARK [2][-]{subsection.3.2}{\376\377\227\136\176\277\140\047\123\125\121\103}{section.3}% 12
\BOOKMARK [2][-]{subsection.3.3}{\376\377\123\315\124\021\117\040\144\255\173\227\154\325}{section.3}% 13
\BOOKMARK [2][-]{subsection.3.4}{\376\377\122\115\231\210\177\121\176\334\166\204\210\150\137\201\200\375\122\233}{section.3}% 14
\BOOKMARK [2][-]{subsection.3.5}{\376\377\120\107\213\276\172\172\225\364\144\034\175\042\166\204\147\054\215\050\162\171\137\201}{section.3}% 15
\BOOKMARK [2][-]{subsection.3.6}{\376\377\154\333\123\026\060\001\217\307\142\337\124\010\116\016\120\134\153\142\122\044\143\156}{section.3}% 16
\BOOKMARK [2][-]{subsection.3.7}{\376\377\121\166\116\326\000A\000N\000N\133\146\116\140\173\227\154\325}{section.3}% 17
\BOOKMARK [1][-]{section.4}{\376\377\121\263\173\126\150\021\133\146\116\140}{}% 18
\BOOKMARK [2][-]{subsection.4.1}{\376\377\121\263\173\126\150\021\166\204\151\202\137\365}{section.4}% 19
\BOOKMARK [2][-]{subsection.4.2}{\376\377\000I\000D\0003\173\227\154\325}{section.4}% 20
\BOOKMARK [2][-]{subsection.4.3}{\376\377\120\107\213\276\172\172\225\364\124\214\137\122\176\263\120\117\177\156}{section.4}% 21
\BOOKMARK [2][-]{subsection.4.4}{\376\377\217\307\142\337\124\010}{section.4}% 22
\BOOKMARK [2][-]{subsection.4.5}{\376\377\000I\000D\0003\173\227\154\325\166\204\142\151\134\125}{section.4}% 23
\BOOKMARK [1][-]{section.5}{\376\377\213\304\117\060\120\107\213\276}{}% 24
\BOOKMARK [2][-]{subsection.5.1}{\376\377\117\060\213\241\116\016\177\156\117\341\123\072\225\364}{section.5}% 25
\BOOKMARK [2][-]{subsection.5.2}{\376\377\116\055\137\303\147\201\226\120\133\232\164\006}{section.5}% 26
\BOOKMARK [2][-]{subsection.5.3}{\376\377\116\044\116\052\120\107\213\276\225\031\213\357\163\207\225\364\166\204\135\356\137\002}{section.5}% 27
\BOOKMARK [2][-]{subsection.5.4}{\376\377\120\107\213\276\150\300\232\214}{section.5}% 28
\BOOKMARK [2][-]{subsection.5.5}{\376\377\116\044\116\052\133\146\116\140\173\227\154\325\166\204\135\356\137\002}{section.5}% 29
\BOOKMARK [1][-]{section.6}{\376\377\215\035\123\366\145\257\133\146\116\140}{}% 30
\BOOKMARK [2][-]{subsection.6.1}{\376\377\215\035\123\366\145\257\164\006\213\272}{section.6}% 31
\BOOKMARK [2][-]{subsection.6.2}{\376\377\147\201\131\047\124\016\232\214\120\107\213\276\124\214\147\201\131\047\117\074\161\066\120\107\213\276}{section.6}% 32
\BOOKMARK [2][-]{subsection.6.3}{\376\377\215\035\123\366\145\257\147\000\117\030\122\006\174\173\126\150}{section.6}% 33
\BOOKMARK [2][-]{subsection.6.4}{\376\377\000G\000i\000b\000b\000s\173\227\154\325}{section.6}% 34
\BOOKMARK [2][-]{subsection.6.5}{\376\377\147\064\175\040\215\035\123\366\145\257\122\006\174\173\126\150}{section.6}% 35
\BOOKMARK [2][-]{subsection.6.6}{\376\377\215\035\123\366\145\257\117\341\137\365\177\121}{section.6}% 36
\BOOKMARK [2][-]{subsection.6.7}{\376\377\000E\000M\173\227\154\325}{section.6}% 37
\BOOKMARK [2][-]{subsection.6.8}{\376\377\000K\127\107\120\074\377\010\000k\000-\000M\000e\000a\000n\000s\377\011\173\227\154\325}{section.6}% 38
\BOOKMARK [1][-]{section.7}{\376\377\232\154\134\024\123\357\131\053\121\263\173\126\217\307\172\013\116\016\137\072\123\026\133\146\116\140}{}% 39
\BOOKMARK [2][-]{subsection.7.1}{\376\377\232\154\134\024\123\357\131\053\121\263\173\126\217\307\172\013\377\010\000M\000D\000P\377\011}{section.7}% 40
\BOOKMARK [2][-]{subsection.7.2}{\376\377\137\072\123\026\133\146\116\140}{section.7}% 41
\BOOKMARK [2][-]{subsection.7.3}{\376\377\154\102\211\343\137\072\123\026\133\146\116\140\116\373\122\241}{section.7}% 42
\BOOKMARK [1][-]{section.8}{\376\377\176\277\140\047\152\041\127\213}{}% 43
\BOOKMARK [2][-]{subsection.8.1}{\376\377\176\277\140\047\126\336\137\122\377\010\000l\000i\000n\000e\000a\000r\000\040\000r\000e\000g\000r\000e\000s\000s\000i\000o\000n\377\011}{section.8}% 44
\BOOKMARK [2][-]{subsection.8.2}{\376\377\176\277\140\047\122\006\174\173}{section.8}% 45
\BOOKMARK [2][-]{subsection.8.3}{\376\377\176\277\140\047\122\044\122\053\122\006\147\220\377\010\000L\000D\000A\377\011}{section.8}% 46
\BOOKMARK [2][-]{subsection.8.4}{\376\377\121\163\225\056\225\356\230\230\142\151\134\125}{section.8}% 47
\BOOKMARK [1][-]{section.9}{\376\377\144\034\175\042\116\016\117\030\123\026\127\372\170\100}{}% 48
\BOOKMARK [2][-]{subsection.9.1}{\376\377\162\266\140\001\172\172\225\364\116\016\144\034\175\042\150\021}{section.9}% 49
\BOOKMARK [2][-]{subsection.9.2}{\376\377\144\034\175\042\150\021\176\323\147\204\116\016\173\227\154\325}{section.9}% 50
\BOOKMARK [2][-]{subsection.9.3}{\376\377\127\372\170\100\144\034\175\042\173\227\154\325}{section.9}% 51
\BOOKMARK [2][-]{subsection.9.4}{\376\377\124\057\123\321\137\017\144\034\175\042\173\227\154\325}{section.9}% 52
\BOOKMARK [2][-]{subsection.9.5}{\376\377\134\100\220\350\144\034\175\042\173\227\154\325}{section.9}% 53
\BOOKMARK [2][-]{subsection.9.6}{\376\377\121\103\124\057\123\321\137\017\173\227\154\325}{section.9}% 54
\BOOKMARK [1][-]{section.10}{\376\377\133\236\145\366\144\034\175\042\060\001\130\236\221\317\137\017\144\034\175\042\116\016\167\345\213\306\232\161\122\250\144\034\175\042}{}% 55
\BOOKMARK [2][-]{subsection.10.1}{\376\377\133\236\145\366\144\034\175\042\116\016\130\236\221\317\137\017\144\034\175\042}{section.10}% 56
\BOOKMARK [2][-]{subsection.10.2}{\376\377\167\345\213\306\232\161\122\250\166\204\144\034\175\042}{section.10}% 57
\BOOKMARK [1][-]{section.11}{\376\377\127\372\170\100\146\172\200\375\117\123\150\106\147\266\060\001\116\373\122\241\211\304\122\022\116\016\131\047\152\041\127\213\146\172\200\375\117\123}{}% 58
\BOOKMARK [2][-]{subsection.11.1}{\376\377\146\172\200\375\117\123\164\006\213\272\150\106\147\266}{section.11}% 59
\BOOKMARK [2][-]{subsection.11.2}{\376\377\127\372\116\216\131\047\152\041\127\213\166\204\146\172\200\375\117\123}{section.11}% 60
\BOOKMARK [2][-]{subsection.11.3}{\376\377\146\172\200\375\117\123\116\373\122\241\211\304\122\022}{section.11}% 61
\BOOKMARK [1][-]{section.12}{\376\377\133\371\142\227\144\034\175\042\116\016\131\032\146\172\200\375\117\123\123\132\137\010}{}% 62
\BOOKMARK [2][-]{subsection.12.1}{\376\377\123\132\137\010\166\204\164\006\213\272\150\106\147\266\377\032\133\371\142\227\144\034\175\042}{section.12}% 63
\BOOKMARK [2][-]{subsection.12.2}{\376\377\147\201\131\047\147\201\134\017\116\016\122\152\147\235\173\227\154\325}{section.12}% 64
\BOOKMARK [2][-]{subsection.12.3}{\376\377\131\032\146\172\200\375\117\123\123\132\137\010}{section.12}% 65
\BOOKMARK [1][-]{section.13}{\376\377\131\047\152\041\127\213\151\202\217\360\116\016\142\200\147\057\157\024\217\333}{}% 66
\BOOKMARK [2][-]{subsection.13.1}{\376\377\131\047\152\041\127\213\166\204\133\232\116\111\116\016\150\070\137\303\162\171\137\201}{section.13}% 67
\BOOKMARK [2][-]{subsection.13.2}{\376\377\123\321\134\125\215\357\137\204\116\016\121\163\225\056\142\200\147\057\202\202\160\271}{section.13}% 68
\BOOKMARK [2][-]{subsection.13.3}{\376\377\000S\000c\000a\000l\000i\000n\000g\000\040\000L\000a\000w\166\204\127\372\147\054\123\237\164\006\116\016\136\224\165\050}{section.13}% 69
\BOOKMARK [2][-]{subsection.13.4}{\376\377\122\006\136\003\137\017\213\255\176\303\127\372\170\100}{section.13}% 70
\BOOKMARK [1][-]{section.14}{\376\377\131\047\152\041\127\213\147\266\147\204\127\372\170\100}{}% 71
\BOOKMARK [2][-]{subsection.14.1}{\376\377\201\352\161\066\213\355\212\000\131\004\164\006\116\373\122\241\127\372\170\100}{section.14}% 72
\BOOKMARK [2][-]{subsection.14.2}{\376\377\117\040\176\337\000N\000L\000P\152\041\127\213}{section.14}% 73
\BOOKMARK [2][-]{subsection.14.3}{\376\377\000T\000r\000a\000n\000s\000f\000o\000r\000m\000e\000r\176\323\147\204\116\016\201\352\154\350\141\017\122\233\147\072\122\066}{section.14}% 74
\BOOKMARK [2][-]{subsection.14.4}{\376\377\230\204\213\255\176\303\000-\137\256\214\003\203\003\137\017\123\312\121\166\157\024\217\333}{section.14}% 75
\BOOKMARK [1][-]{section.15}{\376\377\131\047\152\041\127\213\143\250\164\006\142\200\147\057}{}% 76
\BOOKMARK [2][-]{subsection.15.1}{\376\377\143\250\164\006\123\312\117\030\123\026}{section.15}% 77
\BOOKMARK [2][-]{subsection.15.2}{\376\377\143\250\164\006\173\126\165\145}{section.15}% 78
\BOOKMARK [2][-]{subsection.15.3}{\376\377\000P\000r\000o\000m\000p\000t\000\040\000E\000n\000g\000i\000n\000e\000e\000r\000i\000n\000g}{section.15}% 79
\BOOKMARK [2][-]{subsection.15.4}{\376\377\143\250\164\006\140\047\200\375\213\304\117\060}{section.15}% 80
\BOOKMARK [1][-]{section.16}{\376\377\131\032\152\041\140\001\131\047\152\041\127\213}{}% 81
\BOOKMARK [2][-]{subsection.16.1}{\376\377\152\041\127\213\147\266\147\204}{section.16}% 82
\BOOKMARK [1][-]{section.17}{\376\377\123\206\136\164\167\037\230\230\122\006\174\173\154\107\140\073}{}% 83
\BOOKMARK [2][-]{subsection.17.1}{\376\377\116\272\135\345\146\172\200\375\151\202\213\272\116\016\147\072\126\150\133\146\116\140\140\073\117\123\151\202\137\365}{section.17}% 84
\BOOKMARK [2][-]{subsection.17.2}{\376\377\146\172\200\375\117\123\174\173\127\213\116\016\116\373\122\241\163\257\130\203}{section.17}% 85
\BOOKMARK [2][-]{subsection.17.3}{\376\377\151\202\137\365\133\146\116\140\377\032\000F\000i\000n\000d\000-\000S\060\001\120\031\220\011\155\210\226\144\060\001\137\122\176\263\120\117\177\156\116\016\000\040\000N\000F\000L}{section.17}% 86
\BOOKMARK [2][-]{subsection.17.4}{\376\377\171\136\176\317\177\121\176\334\060\001\141\037\167\345\126\150\116\016\150\257\136\246}{section.17}% 87
\BOOKMARK [2][-]{subsection.17.5}{\376\377\121\263\173\126\150\021\133\146\116\140\060\001\154\333\123\026\116\016\153\143\122\031\123\026}{section.17}% 88
\BOOKMARK [2][-]{subsection.17.6}{\376\377\213\304\117\060\120\107\213\276\377\032\177\156\117\341\123\072\225\364\060\001\116\055\137\303\147\201\226\120\133\232\164\006\116\016\213\304\116\367\143\007\150\007}{section.17}% 89
\BOOKMARK [2][-]{subsection.17.7}{\376\377\215\035\123\366\145\257\133\146\116\140}{section.17}% 90
\BOOKMARK [2][-]{subsection.17.8}{\376\377\232\154\134\024\123\357\131\053\121\263\173\126\217\307\172\013\116\016\137\072\123\026\133\146\116\140}{section.17}% 91
\BOOKMARK [2][-]{subsection.17.9}{\376\377\176\277\140\047\152\041\127\213\116\016\127\372\121\375\145\160}{section.17}% 92
\BOOKMARK [2][-]{subsection.17.10}{\376\377\144\034\175\042\116\016\117\030\123\026\377\032\166\362\166\356\060\001\124\057\123\321\137\017\060\001\134\100\220\350\060\001\121\103\124\057\123\321\137\017}{section.17}% 93
\BOOKMARK [2][-]{subsection.17.11}{\376\377\124\175\230\230\220\073\217\221\060\001\116\000\226\066\220\073\217\221\060\001\137\122\176\323\143\250\164\006}{section.17}% 94
\BOOKMARK [2][-]{subsection.17.12}{\376\377\133\371\142\227\144\034\175\042\116\016\000\040\000-\000\040\122\152\147\235}{section.17}% 95
\BOOKMARK [2][-]{subsection.17.13}{\376\377\133\236\145\366\000/\130\236\221\317\137\017\144\034\175\042\060\001\167\345\213\306\232\161\122\250\144\034\175\042\116\016\136\224\165\050}{section.17}% 96
\BOOKMARK [2][-]{subsection.17.14}{\376\377\146\172\200\375\117\123\150\106\147\266\060\001\116\373\122\241\211\304\122\022\116\016\131\047\152\041\127\213\146\172\200\375\117\123}{section.17}% 97
\BOOKMARK [2][-]{subsection.17.15}{\376\377\131\047\152\041\127\213\151\202\217\360\116\016\142\200\147\057\157\024\217\333\377\010\000S\000c\000a\000l\000i\000n\000g\000\040\000L\000a\000w\377\011}{section.17}% 98
\BOOKMARK [2][-]{subsection.17.16}{\376\377\131\047\152\041\127\213\147\266\147\204\377\010\000T\000r\000a\000n\000s\000f\000o\000r\000m\000e\000r\000\040\116\016\201\352\154\350\141\017\122\233\377\011}{section.17}% 99
\BOOKMARK [2][-]{subsection.17.17}{\376\377\131\047\152\041\127\213\143\250\164\006\116\016\220\350\177\162\117\030\123\026}{section.17}% 100
\BOOKMARK [2][-]{subsection.17.18}{\376\377\176\374\124\010\230\230\124\214\220\001\122\006\230\230}{section.17}% 101
